Flow report for ADC_tutorial
Mon Nov 11 16:56:01 2024
Quartus II 64-Bit Version 13.0.1 Build 232 06/12/2013 Service Pack 1 SJ Web Edition


---------------------
; Table of Contents ;
---------------------
  1. Legal Notice
  2. Flow Summary
  3. Flow Settings
  4. Flow Non-Default Global Settings
  5. Flow Elapsed Time
  6. Flow OS Summary
  7. Flow Log
  8. Flow Messages
  9. Flow Suppressed Messages



----------------
; Legal Notice ;
----------------
Copyright (C) 1991-2013 Altera Corporation
Your use of Altera Corporation's design tools, logic functions 
and other software and tools, and its AMPP partner logic 
functions, and any output files from any of the foregoing 
(including device programming or simulation files), and any 
associated documentation or information are expressly subject 
to the terms and conditions of the Altera Program License 
Subscription Agreement, Altera MegaCore Function License 
Agreement, or other applicable license agreement, including, 
without limitation, that your use is for the sole purpose of 
programming logic devices manufactured by Altera and sold by 
Altera or its authorized distributors.  Please refer to the 
applicable agreement for further details.



+--------------------------------------------------------------------------------------+
; Flow Summary                                                                         ;
+------------------------------------+-------------------------------------------------+
; Flow Status                        ; Successful - Mon Nov 11 16:55:59 2024           ;
; Quartus II 64-Bit Version          ; 13.0.1 Build 232 06/12/2013 SP 1 SJ Web Edition ;
; Revision Name                      ; ADC_tutorial                                    ;
; Top-level Entity Name              ; ADC_tutorialV2                                  ;
; Family                             ; Cyclone IV E                                    ;
; Device                             ; EP4CE22F17C6                                    ;
; Timing Models                      ; Final                                           ;
; Total logic elements               ; 202 / 22,320 ( < 1 % )                          ;
;     Total combinational functions  ; 167 / 22,320 ( < 1 % )                          ;
;     Dedicated logic registers      ; 126 / 22,320 ( < 1 % )                          ;
; Total registers                    ; 126                                             ;
; Total pins                         ; 20 / 154 ( 13 % )                               ;
; Total virtual pins                 ; 0                                               ;
; Total memory bits                  ; 0 / 608,256 ( 0 % )                             ;
; Embedded Multiplier 9-bit elements ; 0 / 132 ( 0 % )                                 ;
; Total PLLs                         ; 1 / 4 ( 25 % )                                  ;
+------------------------------------+-------------------------------------------------+


+-----------------------------------------+
; Flow Settings                           ;
+-------------------+---------------------+
; Option            ; Setting             ;
+-------------------+---------------------+
; Start date & time ; 11/11/2024 16:55:50 ;
; Main task         ; Compilation         ;
; Revision Name     ; ADC_tutorial        ;
+-------------------+---------------------+


+----------------------------------------------------------------------------------------------------------------------------------------------------------------------------------------+
; Flow Non-Default Global Settings                                                                                                                                                       ;
+-------------------------------------+----------------------------------------------------------------------------------------------------+---------------+----------------+------------+
; Assignment Name                     ; Value                                                                                              ; Default Value ; Entity Name    ; Section Id ;
+-------------------------------------+----------------------------------------------------------------------------------------------------+---------------+----------------+------------+
; COMPILER_SIGNATURE_ID               ; 10995770589196.173135495025008                                                                     ; --            ; --             ; --         ;
; ENABLE_SIGNALTAP                    ; On                                                                                                 ; --            ; --             ; --         ;
; IP_TOOL_NAME                        ; ALTPLL                                                                                             ; --            ; --             ; --         ;
; IP_TOOL_VERSION                     ; 13.0                                                                                               ; --            ; --             ; --         ;
; MAX_CORE_JUNCTION_TEMP              ; 85                                                                                                 ; --            ; --             ; --         ;
; MIN_CORE_JUNCTION_TEMP              ; 0                                                                                                  ; --            ; --             ; --         ;
; MISC_FILE                           ; PLL.bsf                                                                                            ; --            ; --             ; --         ;
; MISC_FILE                           ; PLL.cmp                                                                                            ; --            ; --             ; --         ;
; MISC_FILE                           ; PLL.ppf                                                                                            ; --            ; --             ; --         ;
; NOMINAL_CORE_SUPPLY_VOLTAGE         ; 1.2V                                                                                               ; --            ; --             ; --         ;
; PARTITION_COLOR                     ; 16764057                                                                                           ; --            ; ADC_tutorialV2 ; Top        ;
; PARTITION_FITTER_PRESERVATION_LEVEL ; PLACEMENT_AND_ROUTING                                                                              ; --            ; ADC_tutorialV2 ; Top        ;
; PARTITION_NETLIST_TYPE              ; SOURCE                                                                                             ; --            ; ADC_tutorialV2 ; Top        ;
; POWER_BOARD_THERMAL_MODEL           ; None (CONSERVATIVE)                                                                                ; --            ; --             ; --         ;
; POWER_PRESET_COOLING_SOLUTION       ; 23 MM HEAT SINK WITH 200 LFPM AIRFLOW                                                              ; --            ; --             ; --         ;
; PROJECT_OUTPUT_DIRECTORY            ; output_files                                                                                       ; --            ; --             ; --         ;
; SLD_FILE                            ; C:/Users/Sorteito/Downloads/laberinto posta/Laboratorio Escape de Laberinto/stp1_auto_stripped.stp ; --            ; --             ; --         ;
; TOP_LEVEL_ENTITY                    ; ADC_tutorialV2                                                                                     ; ADC_tutorial  ; --             ; --         ;
; USE_SIGNALTAP_FILE                  ; stp1.stp                                                                                           ; --            ; --             ; --         ;
+-------------------------------------+----------------------------------------------------------------------------------------------------+---------------+----------------+------------+


+-------------------------------------------------------------------------------------------------------------------------------+
; Flow Elapsed Time                                                                                                             ;
+---------------------------+--------------+-------------------------+---------------------+------------------------------------+
; Module Name               ; Elapsed Time ; Average Processors Used ; Peak Virtual Memory ; Total CPU Time (on all processors) ;
+---------------------------+--------------+-------------------------+---------------------+------------------------------------+
; Analysis & Synthesis      ; 00:00:02     ; 1.0                     ; 4639 MB             ; 00:00:01                           ;
; Fitter                    ; 00:00:05     ; 1.0                     ; 4918 MB             ; 00:00:04                           ;
; Assembler                 ; 00:00:01     ; 1.0                     ; 4544 MB             ; 00:00:01                           ;
; TimeQuest Timing Analyzer ; 00:00:02     ; 1.0                     ; 4627 MB             ; 00:00:01                           ;
; Total                     ; 00:00:10     ; --                      ; --                  ; 00:00:07                           ;
+---------------------------+--------------+-------------------------+---------------------+------------------------------------+


+----------------------------------------------------------------------------------------+
; Flow OS Summary                                                                        ;
+---------------------------+------------------+-----------+------------+----------------+
; Module Name               ; Machine Hostname ; OS Name   ; OS Version ; Processor type ;
+---------------------------+------------------+-----------+------------+----------------+
; Analysis & Synthesis      ; Lucas            ; Windows 7 ; 6.2        ; x86_64         ;
; Fitter                    ; Lucas            ; Windows 7 ; 6.2        ; x86_64         ;
; Assembler                 ; Lucas            ; Windows 7 ; 6.2        ; x86_64         ;
; TimeQuest Timing Analyzer ; Lucas            ; Windows 7 ; 6.2        ; x86_64         ;
+---------------------------+------------------+-----------+------------+----------------+


------------
; Flow Log ;
------------
quartus_map --read_settings_files=on --write_settings_files=off ADC_tutorial -c ADC_tutorial
quartus_fit --read_settings_files=off --write_settings_files=off ADC_tutorial -c ADC_tutorial
quartus_asm --read_settings_files=off --write_settings_files=off ADC_tutorial -c ADC_tutorial
quartus_sta ADC_tutorial -c ADC_tutorial



