Flow report for ADC_tutorial
Sat Nov 30 21:19:32 2024
Quartus II 64-Bit Version 13.0.1 Build 232 06/12/2013 Service Pack 1 SJ Web Edition


---------------------
; Table of Contents ;
---------------------
  1. Legal Notice
  2. Flow Summary
  3. Flow Settings
  4. Flow Non-Default Global Settings
  5. Flow Elapsed Time
  6. Flow OS Summary
  7. Flow Log
  8. Flow Messages
  9. Flow Suppressed Messages



----------------
; Legal Notice ;
----------------
Copyright (C) 1991-2013 Altera Corporation
Your use of Altera Corporation's design tools, logic functions 
and other software and tools, and its AMPP partner logic 
functions, and any output files from any of the foregoing 
(including device programming or simulation files), and any 
associated documentation or information are expressly subject 
to the terms and conditions of the Altera Program License 
Subscription Agreement, Altera MegaCore Function License 
Agreement, or other applicable license agreement, including, 
without limitation, that your use is for the sole purpose of 
programming logic devices manufactured by Altera and sold by 
Altera or its authorized distributors.  Please refer to the 
applicable agreement for further details.



+--------------------------------------------------------------------------------------+
; Flow Summary                                                                         ;
+------------------------------------+-------------------------------------------------+
; Flow Status                        ; Successful - Sat Nov 30 21:19:32 2024           ;
; Quartus II 64-Bit Version          ; 13.0.1 Build 232 06/12/2013 SP 1 SJ Web Edition ;
; Revision Name                      ; ADC_tutorial                                    ;
; Top-level Entity Name              ; main                                            ;
; Family                             ; Cyclone IV E                                    ;
; Device                             ; EP4CE22F17C6                                    ;
; Timing Models                      ; Final                                           ;
; Total logic elements               ; 305 / 22,320 ( 1 % )                            ;
;     Total combinational functions  ; 271 / 22,320 ( 1 % )                            ;
;     Dedicated logic registers      ; 175 / 22,320 ( < 1 % )                          ;
; Total registers                    ; 175                                             ;
; Total pins                         ; 129 / 154 ( 84 % )                              ;
; Total virtual pins                 ; 0                                               ;
; Total memory bits                  ; 0 / 608,256 ( 0 % )                             ;
; Embedded Multiplier 9-bit elements ; 0 / 132 ( 0 % )                                 ;
; Total PLLs                         ; 2 / 4 ( 50 % )                                  ;
+------------------------------------+-------------------------------------------------+


+-----------------------------------------+
; Flow Settings                           ;
+-------------------+---------------------+
; Option            ; Setting             ;
+-------------------+---------------------+
; Start date & time ; 11/30/2024 21:19:08 ;
; Main task         ; Compilation         ;
; Revision Name     ; ADC_tutorial        ;
+-------------------+---------------------+


+-----------------------------------------------------------------------------------------------------------------------------------------------------------------+
; Flow Non-Default Global Settings                                                                                                                                ;
+-------------------------------------+----------------------------------------------------------------------------+---------------+-------------+----------------+
; Assignment Name                     ; Value                                                                      ; Default Value ; Entity Name ; Section Id     ;
+-------------------------------------+----------------------------------------------------------------------------+---------------+-------------+----------------+
; COMPILER_SIGNATURE_ID               ; 10995770589196.173301234735900                                             ; --            ; --          ; --             ;
; EDA_GENERATE_FUNCTIONAL_NETLIST     ; On                                                                         ; --            ; --          ; eda_simulation ;
; EDA_OUTPUT_DATA_FORMAT              ; Verilog Hdl                                                                ; --            ; --          ; eda_simulation ;
; EDA_SIMULATION_TOOL                 ; ModelSim-Altera (Verilog)                                                  ; <None>        ; --          ; --             ;
; ENABLE_SIGNALTAP                    ; On                                                                         ; --            ; --          ; --             ;
; IP_TOOL_NAME                        ; ALTPLL                                                                     ; --            ; --          ; --             ;
; IP_TOOL_NAME                        ; ALTPLL                                                                     ; --            ; --          ; --             ;
; IP_TOOL_NAME                        ; ALTPLL                                                                     ; --            ; --          ; --             ;
; IP_TOOL_VERSION                     ; 13.0                                                                       ; --            ; --          ; --             ;
; IP_TOOL_VERSION                     ; 13.0                                                                       ; --            ; --          ; --             ;
; IP_TOOL_VERSION                     ; 13.0                                                                       ; --            ; --          ; --             ;
; MAX_CORE_JUNCTION_TEMP              ; 85                                                                         ; --            ; --          ; --             ;
; MIN_CORE_JUNCTION_TEMP              ; 0                                                                          ; --            ; --          ; --             ;
; MISC_FILE                           ; PLL.bsf                                                                    ; --            ; --          ; --             ;
; MISC_FILE                           ; PLL.cmp                                                                    ; --            ; --          ; --             ;
; MISC_FILE                           ; PLL.ppf                                                                    ; --            ; --          ; --             ;
; MISC_FILE                           ; pllauto.bsf                                                                ; --            ; --          ; --             ;
; MISC_FILE                           ; pllauto.cmp                                                                ; --            ; --          ; --             ;
; MISC_FILE                           ; pllauto.ppf                                                                ; --            ; --          ; --             ;
; MISC_FILE                           ; clockgeneral.bsf                                                           ; --            ; --          ; --             ;
; MISC_FILE                           ; clockgeneral.cmp                                                           ; --            ; --          ; --             ;
; MISC_FILE                           ; clockgeneral.ppf                                                           ; --            ; --          ; --             ;
; NOMINAL_CORE_SUPPLY_VOLTAGE         ; 1.2V                                                                       ; --            ; --          ; --             ;
; PARTITION_COLOR                     ; 16764057                                                                   ; --            ; main        ; Top            ;
; PARTITION_FITTER_PRESERVATION_LEVEL ; PLACEMENT_AND_ROUTING                                                      ; --            ; main        ; Top            ;
; PARTITION_NETLIST_TYPE              ; SOURCE                                                                     ; --            ; main        ; Top            ;
; POWER_BOARD_THERMAL_MODEL           ; None (CONSERVATIVE)                                                        ; --            ; --          ; --             ;
; POWER_PRESET_COOLING_SOLUTION       ; 23 MM HEAT SINK WITH 200 LFPM AIRFLOW                                      ; --            ; --          ; --             ;
; PROJECT_OUTPUT_DIRECTORY            ; output_files                                                               ; --            ; --          ; --             ;
; SLD_FILE                            ; C:/Users/Sorteito/Documents/GitHub/TP-FPGA/MainV1.2/stp2_auto_stripped.stp ; --            ; --          ; --             ;
; TOP_LEVEL_ENTITY                    ; main                                                                       ; ADC_tutorial  ; --          ; --             ;
; USE_SIGNALTAP_FILE                  ; stp2.stp                                                                   ; --            ; --          ; --             ;
+-------------------------------------+----------------------------------------------------------------------------+---------------+-------------+----------------+


+-------------------------------------------------------------------------------------------------------------------------------+
; Flow Elapsed Time                                                                                                             ;
+---------------------------+--------------+-------------------------+---------------------+------------------------------------+
; Module Name               ; Elapsed Time ; Average Processors Used ; Peak Virtual Memory ; Total CPU Time (on all processors) ;
+---------------------------+--------------+-------------------------+---------------------+------------------------------------+
; Analysis & Synthesis      ; 00:00:05     ; 1.0                     ; 4650 MB             ; 00:00:02                           ;
; Fitter                    ; 00:00:11     ; 1.0                     ; 4939 MB             ; 00:00:06                           ;
; Assembler                 ; 00:00:02     ; 1.0                     ; 4547 MB             ; 00:00:01                           ;
; TimeQuest Timing Analyzer ; 00:00:04     ; 1.0                     ; 4620 MB             ; 00:00:02                           ;
; EDA Netlist Writer        ; 00:00:00     ; 1.0                     ; 4501 MB             ; 00:00:00                           ;
; Total                     ; 00:00:22     ; --                      ; --                  ; 00:00:11                           ;
+---------------------------+--------------+-------------------------+---------------------+------------------------------------+


+----------------------------------------------------------------------------------------+
; Flow OS Summary                                                                        ;
+---------------------------+------------------+-----------+------------+----------------+
; Module Name               ; Machine Hostname ; OS Name   ; OS Version ; Processor type ;
+---------------------------+------------------+-----------+------------+----------------+
; Analysis & Synthesis      ; Lucas            ; Windows 7 ; 6.2        ; x86_64         ;
; Fitter                    ; Lucas            ; Windows 7 ; 6.2        ; x86_64         ;
; Assembler                 ; Lucas            ; Windows 7 ; 6.2        ; x86_64         ;
; TimeQuest Timing Analyzer ; Lucas            ; Windows 7 ; 6.2        ; x86_64         ;
; EDA Netlist Writer        ; Lucas            ; Windows 7 ; 6.2        ; x86_64         ;
+---------------------------+------------------+-----------+------------+----------------+


------------
; Flow Log ;
------------
quartus_map --read_settings_files=on --write_settings_files=off ADC_tutorial -c ADC_tutorial
quartus_fit --read_settings_files=off --write_settings_files=off ADC_tutorial -c ADC_tutorial
quartus_asm --read_settings_files=off --write_settings_files=off ADC_tutorial -c ADC_tutorial
quartus_sta ADC_tutorial -c ADC_tutorial
quartus_eda --read_settings_files=off --write_settings_files=off ADC_tutorial -c ADC_tutorial



